TN:
SF:src\modules\ceps\services\GetCepInfoService.ts
FN:15,(anonymous_5)
FN:20,(anonymous_6)
FN:49,(anonymous_7)
FN:50,(anonymous_8)
FNF:4
FNH:4
FNDA:4,(anonymous_5)
FNDA:5,(anonymous_6)
FNDA:2,(anonymous_7)
FNDA:2,(anonymous_8)
DA:1,1
DA:2,1
DA:7,1
DA:14,1
DA:17,4
DA:21,5
DA:23,5
DA:24,1
DA:27,4
DA:28,1
DA:30,3
DA:34,3
DA:35,0
DA:48,3
DA:49,2
DA:51,2
DA:52,0
DA:55,2
DA:58,2
DA:71,2
DA:76,1
LF:21
LH:19
BRDA:23,0,0,1
BRDA:23,0,1,4
BRDA:27,1,0,1
BRDA:27,1,1,3
BRDA:34,2,0,0
BRDA:34,2,1,3
BRDA:51,3,0,0
BRDA:51,3,1,2
BRF:8
BRH:6
end_of_record
